1551799404442	mozrunner::runner	INFO	Running command: "/usr/bin/firefox" "-marionette" "-foreground" "-no-remote" "-profile" "/tmp/rust_mozprofile.BI7WJvim56M7"
1551799405286	addons.webextension.screenshots@mozilla.org	WARN	Loading extension 'screenshots@mozilla.org': Reading manifest: Invalid host permission: resource://pdf.js/
1551799405286	addons.webextension.screenshots@mozilla.org	WARN	Loading extension 'screenshots@mozilla.org': Reading manifest: Invalid host permission: about:reader*
1551799407603	Marionette	INFO	Listening on port 34137
1551799407661	Marionette	WARN	TLS certificate errors will be ignored for this session
[Parent 30774, Gecko_IOThread] WARNING: pipe error (78): Connection reset by peer: file /build/firefox-DVGW0d/firefox-65.0.1+build2/ipc/chromium/src/chrome/common/ipc_channel_posix.cc, line 349
[Parent 30774, Gecko_IOThread] WARNING: pipe error (124): Connection reset by peer: file /build/firefox-DVGW0d/firefox-65.0.1+build2/ipc/chromium/src/chrome/common/ipc_channel_posix.cc, line 349
1551799435396	Marionette	INFO	Stopped listening on port 34137
1551800197177	mozrunner::runner	INFO	Running command: "/usr/bin/firefox" "-marionette" "-foreground" "-no-remote" "-profile" "/tmp/rust_mozprofile.Xj24p0UXEUbC"
1551800197499	addons.webextension.screenshots@mozilla.org	WARN	Loading extension 'screenshots@mozilla.org': Reading manifest: Invalid host permission: resource://pdf.js/
1551800197500	addons.webextension.screenshots@mozilla.org	WARN	Loading extension 'screenshots@mozilla.org': Reading manifest: Invalid host permission: about:reader*
1551800199230	Marionette	INFO	Listening on port 35889
1551800199295	Marionette	WARN	TLS certificate errors will be ignored for this session
console.error: BroadcastService: 
  receivedBroadcastMessage: handler for
  remote-settings/monitor_changes
  threw error:
  Message: Error: Polling for changes failed: NetworkError when attempting to fetch resource..
  Stack:
    remoteSettingsFunction/remoteSettings.pollChanges@resource://services-settings/remote-settings.js:188:13

1551800416559	mozrunner::runner	INFO	Running command: "/usr/bin/firefox" "-marionette" "-foreground" "-no-remote" "-profile" "/tmp/rust_mozprofile.SubE507kfmKC"
1551800417453	addons.webextension.screenshots@mozilla.org	WARN	Loading extension 'screenshots@mozilla.org': Reading manifest: Invalid host permission: resource://pdf.js/
1551800417453	addons.webextension.screenshots@mozilla.org	WARN	Loading extension 'screenshots@mozilla.org': Reading manifest: Invalid host permission: about:reader*
1551800421567	Marionette	INFO	Listening on port 45175
1551800421669	Marionette	WARN	TLS certificate errors will be ignored for this session
[Parent 31876, Gecko_IOThread] WARNING: pipe error (68): Connection reset by peer: file /build/firefox-DVGW0d/firefox-65.0.1+build2/ipc/chromium/src/chrome/common/ipc_channel_posix.cc, line 349
1551800458428	Marionette	INFO	Stopped listening on port 45175
[Parent 31431, Gecko_IOThread] WARNING: pipe error (78): Connection reset by peer: file /build/firefox-DVGW0d/firefox-65.0.1+build2/ipc/chromium/src/chrome/common/ipc_channel_posix.cc, line 349
1551800462203	Marionette	INFO	Stopped listening on port 35889
1551800561238	mozrunner::runner	INFO	Running command: "/usr/bin/firefox" "-marionette" "-foreground" "-no-remote" "-profile" "/tmp/rust_mozprofile.jJAyO22i2Z0p"
1551800561537	addons.webextension.screenshots@mozilla.org	WARN	Loading extension 'screenshots@mozilla.org': Reading manifest: Invalid host permission: resource://pdf.js/
1551800561537	addons.webextension.screenshots@mozilla.org	WARN	Loading extension 'screenshots@mozilla.org': Reading manifest: Invalid host permission: about:reader*
1551800562927	Marionette	INFO	Listening on port 37263
1551800562957	Marionette	WARN	TLS certificate errors will be ignored for this session
JavaScript error: resource:///actors/NetErrorChild.jsm, line 696: NS_ERROR_FAILURE: Component returned failure code: 0x80004005 (NS_ERROR_FAILURE) [nsIStringBundle.GetStringFromName]
1551800611614	mozrunner::runner	INFO	Running command: "/usr/bin/firefox" "-marionette" "-foreground" "-no-remote" "-profile" "/tmp/rust_mozprofile.AcTEC72TZoXl"
1551800612302	addons.webextension.screenshots@mozilla.org	WARN	Loading extension 'screenshots@mozilla.org': Reading manifest: Invalid host permission: resource://pdf.js/
1551800612303	addons.webextension.screenshots@mozilla.org	WARN	Loading extension 'screenshots@mozilla.org': Reading manifest: Invalid host permission: about:reader*
1551800614901	Marionette	INFO	Listening on port 44511
1551800614957	Marionette	WARN	TLS certificate errors will be ignored for this session
[Parent 32278, Gecko_IOThread] WARNING: pipe error (124): Connection reset by peer: file /build/firefox-DVGW0d/firefox-65.0.1+build2/ipc/chromium/src/chrome/common/ipc_channel_posix.cc, line 349
1551801456388	Marionette	INFO	Stopped listening on port 37263
[Parent 32641, Gecko_IOThread] WARNING: pipe error (130): Connection reset by peer: file /build/firefox-DVGW0d/firefox-65.0.1+build2/ipc/chromium/src/chrome/common/ipc_channel_posix.cc, line 349
1551801460627	Marionette	INFO	Stopped listening on port 44511
